{"level":"\u001b[33mwarn\u001b[39m","message":"\u001b[33m⚠️  Database connection failed - server will start without database access\u001b[39m","timestamp":"2025-08-29 21:08:00:80"}
{"level":"\u001b[33mwarn\u001b[39m","message":"\u001b[33m⚠️  Database connection failed - server will start without database access\u001b[39m","timestamp":"2025-08-29 21:08:37:837"}
{"level":"\u001b[32minfo\u001b[39m","message":"\u001b[32mSIGINT received, closing queues...\u001b[39m","timestamp":"2025-08-29 21:10:36:1036"}
{"level":"\u001b[33mwarn\u001b[39m","message":"\u001b[33m⚠️  Database connection failed - server will start without database access\u001b[39m","timestamp":"2025-08-29 21:10:45:1045"}
{"level":"\u001b[33mwarn\u001b[39m","message":"\u001b[33m   Some API endpoints may not work properly\u001b[39m","timestamp":"2025-08-29 21:10:45:1045"}
{"level":"\u001b[33mwarn\u001b[39m","message":"\u001b[33m⚠️  Redis connection failed - server will start without Redis access\u001b[39m","timestamp":"2025-08-29 21:10:45:1045"}
{"level":"\u001b[33mwarn\u001b[39m","message":"\u001b[33m   Some features like caching and queues may not work properly\u001b[39m","timestamp":"2025-08-29 21:10:45:1045"}
{"level":"\u001b[33mwarn\u001b[39m","message":"\u001b[33m   For development, you can install and start Redis:\u001b[39m","timestamp":"2025-08-29 21:10:45:1045"}
{"level":"\u001b[33mwarn\u001b[39m","message":"\u001b[33m   1. Install Redis (https://redis.io/download)\u001b[39m","timestamp":"2025-08-29 21:10:45:1045"}
{"level":"\u001b[33mwarn\u001b[39m","message":"\u001b[33m   2. Start Redis server: redis-server\u001b[39m","timestamp":"2025-08-29 21:10:45:1045"}
{"level":"\u001b[33mwarn\u001b[39m","message":"\u001b[33m   3. Or use Docker: docker run -d -p 6379:6379 redis:alpine\u001b[39m","timestamp":"2025-08-29 21:10:45:1045"}
{"level":"\u001b[32minfo\u001b[39m","message":"\u001b[32m🚀 Worker 37196 started on port 3001\u001b[39m","timestamp":"2025-08-29 21:10:45:1045"}
{"level":"\u001b[32minfo\u001b[39m","message":"\u001b[32m📊 Environment: development\u001b[39m","timestamp":"2025-08-29 21:10:45:1045"}
{"level":"\u001b[32minfo\u001b[39m","message":"\u001b[32m🔗 Health check: http://localhost:3001/health\u001b[39m","timestamp":"2025-08-29 21:10:45:1045"}
{"level":"\u001b[33mwarn\u001b[39m","message":"\u001b[33m⚠️  Database connection failed - server will start without database access\u001b[39m","timestamp":"2025-08-30 08:34:29:3429"}
{"level":"\u001b[33mwarn\u001b[39m","message":"\u001b[33m   Some API endpoints may not work properly\u001b[39m","timestamp":"2025-08-30 08:34:29:3429"}
{"level":"\u001b[33mwarn\u001b[39m","message":"\u001b[33m⚠️  Redis not configured - server will start without Redis access\u001b[39m","timestamp":"2025-08-30 08:34:29:3429"}
{"level":"\u001b[33mwarn\u001b[39m","message":"\u001b[33m   Some features like caching and queues may not work properly\u001b[39m","timestamp":"2025-08-30 08:34:29:3429"}
{"level":"\u001b[33mwarn\u001b[39m","message":"\u001b[33m⚠️  Failed to create email worker: Worker requires a connection\u001b[39m","stack":"Error: Worker requires a connection\n    at new Worker (C:\\Users\\dakot\\Desktop\\DEV\\NexusMarket-backend\\node_modules\\bullmq\\dist\\cjs\\classes\\worker.js:46:19)\n    at createWorkerSafely (file:///C:/Users/dakot/Desktop/DEV/NexusMarket-backend/src/lib/queue.ts:69:16)\n    at initializeWorkers (file:///C:/Users/dakot/Desktop/DEV/NexusMarket-backend/src/lib/queue.ts:79:23)\n    at startServer (file:///C:/Users/dakot/Desktop/DEV/NexusMarket-backend/src/server.ts:68:9)","timestamp":"2025-08-30 08:34:29:3429"}
{"level":"\u001b[33mwarn\u001b[39m","message":"\u001b[33m⚠️  Failed to create analytics worker: Worker requires a connection\u001b[39m","stack":"Error: Worker requires a connection\n    at new Worker (C:\\Users\\dakot\\Desktop\\DEV\\NexusMarket-backend\\node_modules\\bullmq\\dist\\cjs\\classes\\worker.js:46:19)\n    at createWorkerSafely (file:///C:/Users/dakot/Desktop/DEV/NexusMarket-backend/src/lib/queue.ts:69:16)\n    at initializeWorkers (file:///C:/Users/dakot/Desktop/DEV/NexusMarket-backend/src/lib/queue.ts:100:27)\n    at startServer (file:///C:/Users/dakot/Desktop/DEV/NexusMarket-backend/src/server.ts:68:9)","timestamp":"2025-08-30 08:34:29:3429"}
{"level":"\u001b[33mwarn\u001b[39m","message":"\u001b[33m⚠️  Failed to create inventory worker: Worker requires a connection\u001b[39m","stack":"Error: Worker requires a connection\n    at new Worker (C:\\Users\\dakot\\Desktop\\DEV\\NexusMarket-backend\\node_modules\\bullmq\\dist\\cjs\\classes\\worker.js:46:19)\n    at createWorkerSafely (file:///C:/Users/dakot/Desktop/DEV/NexusMarket-backend/src/lib/queue.ts:69:16)\n    at initializeWorkers (file:///C:/Users/dakot/Desktop/DEV/NexusMarket-backend/src/lib/queue.ts:121:27)\n    at startServer (file:///C:/Users/dakot/Desktop/DEV/NexusMarket-backend/src/server.ts:68:9)","timestamp":"2025-08-30 08:34:29:3429"}
{"level":"\u001b[33mwarn\u001b[39m","message":"\u001b[33m⚠️  Failed to create payment worker: Worker requires a connection\u001b[39m","stack":"Error: Worker requires a connection\n    at new Worker (C:\\Users\\dakot\\Desktop\\DEV\\NexusMarket-backend\\node_modules\\bullmq\\dist\\cjs\\classes\\worker.js:46:19)\n    at createWorkerSafely (file:///C:/Users/dakot/Desktop/DEV/NexusMarket-backend/src/lib/queue.ts:69:16)\n    at initializeWorkers (file:///C:/Users/dakot/Desktop/DEV/NexusMarket-backend/src/lib/queue.ts:142:25)\n    at startServer (file:///C:/Users/dakot/Desktop/DEV/NexusMarket-backend/src/server.ts:68:9)","timestamp":"2025-08-30 08:34:29:3429"}
{"level":"\u001b[33mwarn\u001b[39m","message":"\u001b[33m⚠️  Failed to create notification worker: Worker requires a connection\u001b[39m","stack":"Error: Worker requires a connection\n    at new Worker (C:\\Users\\dakot\\Desktop\\DEV\\NexusMarket-backend\\node_modules\\bullmq\\dist\\cjs\\classes\\worker.js:46:19)\n    at createWorkerSafely (file:///C:/Users/dakot/Desktop/DEV/NexusMarket-backend/src/lib/queue.ts:69:16)\n    at initializeWorkers (file:///C:/Users/dakot/Desktop/DEV/NexusMarket-backend/src/lib/queue.ts:163:30)\n    at startServer (file:///C:/Users/dakot/Desktop/DEV/NexusMarket-backend/src/server.ts:68:9)","timestamp":"2025-08-30 08:34:29:3429"}
{"level":"\u001b[32minfo\u001b[39m","message":"\u001b[32m🚀 Worker 35376 started on port 3001\u001b[39m","timestamp":"2025-08-30 08:34:29:3429"}
{"level":"\u001b[32minfo\u001b[39m","message":"\u001b[32m📊 Environment: development\u001b[39m","timestamp":"2025-08-30 08:34:29:3429"}
{"level":"\u001b[32minfo\u001b[39m","message":"\u001b[32m🔗 Health check: http://localhost:3001/health\u001b[39m","timestamp":"2025-08-30 08:34:29:3429"}
